<?xml version="1.0" encoding="UTF-8"?>
<!-- Generated by org.testng.reporters.JUnitReportReporter -->
<testsuite hostname="CHIRAYU-DUTT" failures="0" tests="1" name="reportsOnly.WordCloud" time="66.613" errors="0" timestamp="2025-02-06T16:03:48 IST" skipped="0">
  <testcase classname="reportsOnly.WordCloud" name="TrendingThemes" time="66.613"/>
</testsuite> <!-- reportsOnly.WordCloud -->
