<?xml version="1.0" encoding="UTF-8"?>
<!-- Generated by org.testng.reporters.JUnitReportReporter -->
<testsuite hostname="CHIRAYU-DUTT" failures="0" tests="1" name="reportsOnly.SentimentAnalysis" time="17.484" errors="0" timestamp="2025-02-06T17:23:57 IST" skipped="0">
  <testcase classname="reportsOnly.SentimentAnalysis" name="Sentiments" time="17.484"/>
</testsuite> <!-- reportsOnly.SentimentAnalysis -->
