<?xml version="1.0" encoding="UTF-8"?>
<!-- Generated by org.testng.reporters.JUnitReportReporter -->
<testsuite hostname="CHIRAYU-DUTT" failures="0" tests="1" name="reportsOnly.SentimentAnalysis" time="23.365" errors="0" timestamp="2025-02-07T12:12:25 IST" skipped="0">
  <testcase classname="reportsOnly.SentimentAnalysis" name="Sentiments" time="23.365"/>
</testsuite> <!-- reportsOnly.SentimentAnalysis -->
